{"contracts/Airdrop/Airdrop.sol":{"l":{"21":1,"27":2,"28":1,"29":1,"30":1,"31":1,"35":39,"39":2,"40":2,"41":1,"45":1,"52":20,"53":20,"54":20,"61":1,"62":1,"63":1,"64":1,"68":3,"69":2,"71":1,"72":1,"73":1},"path":"/workspaces/Trait-Forge-Audit/2024-07-traitforge/contracts/Airdrop/Airdrop.sol","s":{"1":2,"2":1,"3":1,"4":39,"5":2,"6":2,"7":1,"8":20,"9":1,"10":1,"11":3,"12":2,"13":1,"14":1},"b":{"1":[1,0],"2":[2,0],"3":[2,0],"4":[2,0],"5":[1,1],"6":[1,0],"7":[2,0],"8":[2,0],"9":[1,1],"10":[21,0],"11":[21,0],"12":[20,1],"13":[20,0],"14":[1,0],"15":[1,0],"16":[1,0],"17":[1,0],"18":[1,0],"19":[3,0],"20":[3,0],"21":[2,1],"22":[1,1]},"f":{"1":1,"2":2,"3":39,"4":2,"5":1,"6":20,"7":1,"8":3},"fnMap":{"1":{"name":"setTraitToken","line":20,"loc":{"start":{"line":20,"column":2},"end":{"line":22,"column":2}}},"2":{"name":"startAirdrop","line":26,"loc":{"start":{"line":24,"column":2},"end":{"line":32,"column":2}}},"3":{"name":"airdropStarted","line":34,"loc":{"start":{"line":34,"column":2},"end":{"line":36,"column":2}}},"4":{"name":"allowDaoFund","line":38,"loc":{"start":{"line":38,"column":2},"end":{"line":42,"column":2}}},"5":{"name":"daoFundAllowed","line":44,"loc":{"start":{"line":44,"column":2},"end":{"line":46,"column":2}}},"6":{"name":"addUserAmount","line":51,"loc":{"start":{"line":48,"column":2},"end":{"line":55,"column":2}}},"7":{"name":"subUserAmount","line":60,"loc":{"start":{"line":57,"column":2},"end":{"line":65,"column":2}}},"8":{"name":"claim","line":67,"loc":{"start":{"line":67,"column":2},"end":{"line":74,"column":2}}}},"statementMap":{"1":{"start":{"line":27,"column":4},"end":{"line":27,"column":39}},"2":{"start":{"line":28,"column":4},"end":{"line":28,"column":40}},"3":{"start":{"line":29,"column":4},"end":{"line":29,"column":60}},"4":{"start":{"line":35,"column":4},"end":{"line":35,"column":18}},"5":{"start":{"line":39,"column":4},"end":{"line":39,"column":34}},"6":{"start":{"line":40,"column":4},"end":{"line":40,"column":42}},"7":{"start":{"line":45,"column":4},"end":{"line":45,"column":21}},"8":{"start":{"line":52,"column":4},"end":{"line":52,"column":39}},"9":{"start":{"line":61,"column":4},"end":{"line":61,"column":39}},"10":{"start":{"line":62,"column":4},"end":{"line":62,"column":54}},"11":{"start":{"line":68,"column":4},"end":{"line":68,"column":34}},"12":{"start":{"line":69,"column":4},"end":{"line":69,"column":52}},"13":{"start":{"line":71,"column":4},"end":{"line":71,"column":75}},"14":{"start":{"line":72,"column":4},"end":{"line":72,"column":42}}},"branchMap":{"1":{"line":20,"type":"if","locations":[{"start":{"line":20,"column":55},"end":{"line":20,"column":55}},{"start":{"line":20,"column":55},"end":{"line":20,"column":55}}]},"2":{"line":26,"type":"if","locations":[{"start":{"line":26,"column":13},"end":{"line":26,"column":13}},{"start":{"line":26,"column":13},"end":{"line":26,"column":13}}]},"3":{"line":26,"type":"if","locations":[{"start":{"line":26,"column":27},"end":{"line":26,"column":27}},{"start":{"line":26,"column":27},"end":{"line":26,"column":27}}]},"4":{"line":26,"type":"if","locations":[{"start":{"line":26,"column":40},"end":{"line":26,"column":40}},{"start":{"line":26,"column":40},"end":{"line":26,"column":40}}]},"5":{"line":27,"type":"if","locations":[{"start":{"line":27,"column":4},"end":{"line":27,"column":4}},{"start":{"line":27,"column":4},"end":{"line":27,"column":4}}]},"6":{"line":28,"type":"if","locations":[{"start":{"line":28,"column":4},"end":{"line":28,"column":4}},{"start":{"line":28,"column":4},"end":{"line":28,"column":4}}]},"7":{"line":38,"type":"if","locations":[{"start":{"line":38,"column":35},"end":{"line":38,"column":35}},{"start":{"line":38,"column":35},"end":{"line":38,"column":35}}]},"8":{"line":39,"type":"if","locations":[{"start":{"line":39,"column":4},"end":{"line":39,"column":4}},{"start":{"line":39,"column":4},"end":{"line":39,"column":4}}]},"9":{"line":40,"type":"if","locations":[{"start":{"line":40,"column":4},"end":{"line":40,"column":4}},{"start":{"line":40,"column":4},"end":{"line":40,"column":4}}]},"10":{"line":51,"type":"if","locations":[{"start":{"line":51,"column":13},"end":{"line":51,"column":13}},{"start":{"line":51,"column":13},"end":{"line":51,"column":13}}]},"11":{"line":51,"type":"if","locations":[{"start":{"line":51,"column":27},"end":{"line":51,"column":27}},{"start":{"line":51,"column":27},"end":{"line":51,"column":27}}]},"12":{"line":51,"type":"if","locations":[{"start":{"line":51,"column":40},"end":{"line":51,"column":40}},{"start":{"line":51,"column":40},"end":{"line":51,"column":40}}]},"13":{"line":52,"type":"if","locations":[{"start":{"line":52,"column":4},"end":{"line":52,"column":4}},{"start":{"line":52,"column":4},"end":{"line":52,"column":4}}]},"14":{"line":60,"type":"if","locations":[{"start":{"line":60,"column":13},"end":{"line":60,"column":13}},{"start":{"line":60,"column":13},"end":{"line":60,"column":13}}]},"15":{"line":60,"type":"if","locations":[{"start":{"line":60,"column":27},"end":{"line":60,"column":27}},{"start":{"line":60,"column":27},"end":{"line":60,"column":27}}]},"16":{"line":60,"type":"if","locations":[{"start":{"line":60,"column":40},"end":{"line":60,"column":40}},{"start":{"line":60,"column":40},"end":{"line":60,"column":40}}]},"17":{"line":61,"type":"if","locations":[{"start":{"line":61,"column":4},"end":{"line":61,"column":4}},{"start":{"line":61,"column":4},"end":{"line":61,"column":4}}]},"18":{"line":62,"type":"if","locations":[{"start":{"line":62,"column":4},"end":{"line":62,"column":4}},{"start":{"line":62,"column":4},"end":{"line":62,"column":4}}]},"19":{"line":67,"type":"if","locations":[{"start":{"line":67,"column":28},"end":{"line":67,"column":28}},{"start":{"line":67,"column":28},"end":{"line":67,"column":28}}]},"20":{"line":67,"type":"if","locations":[{"start":{"line":67,"column":42},"end":{"line":67,"column":42}},{"start":{"line":67,"column":42},"end":{"line":67,"column":42}}]},"21":{"line":68,"type":"if","locations":[{"start":{"line":68,"column":4},"end":{"line":68,"column":4}},{"start":{"line":68,"column":4},"end":{"line":68,"column":4}}]},"22":{"line":69,"type":"if","locations":[{"start":{"line":69,"column":4},"end":{"line":69,"column":4}},{"start":{"line":69,"column":4},"end":{"line":69,"column":4}}]}}},"contracts/Airdrop/IAirdrop.sol":{"l":{},"path":"/workspaces/Trait-Forge-Audit/2024-07-traitforge/contracts/Airdrop/IAirdrop.sol","s":{},"b":{},"f":{},"fnMap":{},"statementMap":{},"branchMap":{}},"contracts/DAOFund/DAOFund.sol":{"l":{"12":1,"13":1,"17":1,"19":1,"20":1,"21":0,"23":0,"30":0},"path":"/workspaces/Trait-Forge-Audit/2024-07-traitforge/contracts/DAOFund/DAOFund.sol","s":{},"b":{"1":[1,0],"2":[0,0]},"f":{"1":1},"fnMap":{"1":{"name":"constructor","line":11,"loc":{"start":{"line":11,"column":2},"end":{"line":14,"column":2}}}},"statementMap":{},"branchMap":{"1":{"line":17,"type":"if","locations":[{"start":{"line":17,"column":4},"end":{"line":17,"column":4}},{"start":{"line":17,"column":4},"end":{"line":17,"column":4}}]},"2":{"line":30,"type":"if","locations":[{"start":{"line":30,"column":4},"end":{"line":30,"column":4}},{"start":{"line":30,"column":4},"end":{"line":30,"column":4}}]}}},"contracts/DAOFund/IDAOFund.sol":{"l":{},"path":"/workspaces/Trait-Forge-Audit/2024-07-traitforge/contracts/DAOFund/IDAOFund.sol","s":{},"b":{},"f":{},"fnMap":{},"statementMap":{},"branchMap":{}},"contracts/DAOFund/IUniswapV2Router.sol":{"l":{},"path":"/workspaces/Trait-Forge-Audit/2024-07-traitforge/contracts/DAOFund/IUniswapV2Router.sol","s":{},"b":{},"f":{},"fnMap":{},"statementMap":{},"branchMap":{}},"contracts/DevFund/DevFund.sol":{"l":{"15":22,"16":11,"17":11,"18":11,"19":11,"20":1,"21":1,"24":11,"25":11,"27":22,"31":9,"32":9,"33":9,"34":8,"35":8,"36":8,"37":8,"41":0,"42":0,"43":0,"44":0,"45":0,"46":0,"47":0,"48":0,"52":1,"53":1,"54":1,"55":1,"56":1,"57":1,"58":1,"62":1,"64":1,"68":1,"69":1,"70":1,"71":1,"74":1,"78":2,"79":2,"87":1,"88":1,"89":1,"90":1,"91":1},"path":"/workspaces/Trait-Forge-Audit/2024-07-traitforge/contracts/DevFund/DevFund.sol","s":{"1":9,"2":9,"3":9,"4":8,"5":0,"6":0,"7":0,"8":0,"9":1,"10":1,"11":1,"12":1,"13":1,"14":1,"15":1,"16":1,"17":2,"18":2,"19":1,"20":1,"21":1,"22":1,"23":1},"b":{"1":[11,11],"2":[1,10],"3":[1,0],"4":[11,0],"5":[9,1],"6":[9,0],"7":[8,1],"8":[0,0],"9":[0,0],"10":[0,0],"11":[1,0],"12":[1,0],"13":[1,0],"14":[1,0],"15":[1,0],"16":[0,1],"17":[1,0]},"f":{"1":9,"2":0,"3":1,"4":1,"5":2,"6":1},"fnMap":{"1":{"name":"addDev","line":30,"loc":{"start":{"line":30,"column":2},"end":{"line":38,"column":2}}},"2":{"name":"updateDev","line":40,"loc":{"start":{"line":40,"column":2},"end":{"line":49,"column":2}}},"3":{"name":"removeDev","line":51,"loc":{"start":{"line":51,"column":2},"end":{"line":59,"column":2}}},"4":{"name":"claim","line":61,"loc":{"start":{"line":61,"column":2},"end":{"line":75,"column":2}}},"5":{"name":"pendingRewards","line":77,"loc":{"start":{"line":77,"column":2},"end":{"line":81,"column":2}}},"6":{"name":"safeRewardTransfer","line":83,"loc":{"start":{"line":83,"column":2},"end":{"line":92,"column":2}}}},"statementMap":{"1":{"start":{"line":31,"column":4},"end":{"line":31,"column":40}},"2":{"start":{"line":32,"column":4},"end":{"line":32,"column":40}},"3":{"start":{"line":33,"column":4},"end":{"line":33,"column":50}},"4":{"start":{"line":37,"column":4},"end":{"line":37,"column":29}},"5":{"start":{"line":41,"column":4},"end":{"line":41,"column":40}},"6":{"start":{"line":42,"column":4},"end":{"line":42,"column":40}},"7":{"start":{"line":43,"column":4},"end":{"line":43,"column":46}},"8":{"start":{"line":48,"column":4},"end":{"line":48,"column":32}},"9":{"start":{"line":52,"column":4},"end":{"line":52,"column":40}},"10":{"start":{"line":53,"column":4},"end":{"line":53,"column":46}},"11":{"start":{"line":58,"column":4},"end":{"line":58,"column":24}},"12":{"start":{"line":62,"column":4},"end":{"line":62,"column":46}},"13":{"start":{"line":64,"column":4},"end":{"line":64,"column":2306}},"14":{"start":{"line":68,"column":4},"end":{"line":68,"column":2401}},"15":{"start":{"line":69,"column":6},"end":{"line":69,"column":69}},"16":{"start":{"line":71,"column":6},"end":{"line":71,"column":43}},"17":{"start":{"line":78,"column":4},"end":{"line":78,"column":40}},"18":{"start":{"line":79,"column":4},"end":{"line":79,"column":2833}},"19":{"start":{"line":87,"column":4},"end":{"line":87,"column":59}},"20":{"start":{"line":88,"column":4},"end":{"line":88,"column":56}},"21":{"start":{"line":89,"column":4},"end":{"line":89,"column":60}},"22":{"start":{"line":90,"column":4},"end":{"line":90,"column":44}},"23":{"start":{"line":91,"column":4},"end":{"line":91,"column":17}}},"branchMap":{"1":{"line":15,"type":"if","locations":[{"start":{"line":15,"column":4},"end":{"line":15,"column":4}},{"start":{"line":15,"column":4},"end":{"line":15,"column":4}}]},"2":{"line":19,"type":"if","locations":[{"start":{"line":19,"column":6},"end":{"line":19,"column":6}},{"start":{"line":19,"column":6},"end":{"line":19,"column":6}}]},"3":{"line":21,"type":"if","locations":[{"start":{"line":21,"column":8},"end":{"line":21,"column":8}},{"start":{"line":21,"column":8},"end":{"line":21,"column":8}}]},"4":{"line":25,"type":"if","locations":[{"start":{"line":25,"column":6},"end":{"line":25,"column":6}},{"start":{"line":25,"column":6},"end":{"line":25,"column":6}}]},"5":{"line":30,"type":"if","locations":[{"start":{"line":30,"column":57},"end":{"line":30,"column":57}},{"start":{"line":30,"column":57},"end":{"line":30,"column":57}}]},"6":{"line":32,"type":"if","locations":[{"start":{"line":32,"column":4},"end":{"line":32,"column":4}},{"start":{"line":32,"column":4},"end":{"line":32,"column":4}}]},"7":{"line":33,"type":"if","locations":[{"start":{"line":33,"column":4},"end":{"line":33,"column":4}},{"start":{"line":33,"column":4},"end":{"line":33,"column":4}}]},"8":{"line":40,"type":"if","locations":[{"start":{"line":40,"column":60},"end":{"line":40,"column":60}},{"start":{"line":40,"column":60},"end":{"line":40,"column":60}}]},"9":{"line":42,"type":"if","locations":[{"start":{"line":42,"column":4},"end":{"line":42,"column":4}},{"start":{"line":42,"column":4},"end":{"line":42,"column":4}}]},"10":{"line":43,"type":"if","locations":[{"start":{"line":43,"column":4},"end":{"line":43,"column":4}},{"start":{"line":43,"column":4},"end":{"line":43,"column":4}}]},"11":{"line":51,"type":"if","locations":[{"start":{"line":51,"column":44},"end":{"line":51,"column":44}},{"start":{"line":51,"column":44},"end":{"line":51,"column":44}}]},"12":{"line":53,"type":"if","locations":[{"start":{"line":53,"column":4},"end":{"line":53,"column":4}},{"start":{"line":53,"column":4},"end":{"line":53,"column":4}}]},"13":{"line":61,"type":"if","locations":[{"start":{"line":61,"column":28},"end":{"line":61,"column":28}},{"start":{"line":61,"column":28},"end":{"line":61,"column":28}}]},"14":{"line":61,"type":"if","locations":[{"start":{"line":61,"column":42},"end":{"line":61,"column":42}},{"start":{"line":61,"column":42},"end":{"line":61,"column":42}}]},"15":{"line":68,"type":"if","locations":[{"start":{"line":68,"column":4},"end":{"line":68,"column":4}},{"start":{"line":68,"column":4},"end":{"line":68,"column":4}}]},"16":{"line":88,"type":"if","locations":[{"start":{"line":88,"column":4},"end":{"line":88,"column":4}},{"start":{"line":88,"column":4},"end":{"line":88,"column":4}}]},"17":{"line":90,"type":"if","locations":[{"start":{"line":90,"column":4},"end":{"line":90,"column":4}},{"start":{"line":90,"column":4},"end":{"line":90,"column":4}}]}}},"contracts/DevFund/IDevFund.sol":{"l":{},"path":"/workspaces/Trait-Forge-Audit/2024-07-traitforge/contracts/DevFund/IDevFund.sol","s":{},"b":{},"f":{},"fnMap":{},"statementMap":{},"branchMap":{}},"contracts/EntityForging/EntityForging.sol":{"l":{"26":7,"33":0,"37":0,"41":0,"45":0,"49":0,"50":0,"51":0,"58":21,"64":1,"71":3,"73":3,"74":3,"78":2,"83":2,"85":2,"86":2,"87":2,"92":2,"93":2,"95":2,"96":2,"97":2,"99":2,"106":2,"107":2,"111":1,"115":1,"119":1,"125":1,"126":1,"128":1,"129":1,"133":1,"136":1,"137":1,"138":1,"139":1,"140":1,"146":1,"147":1,"148":1,"150":1,"156":1,"157":1,"158":1,"159":1,"162":1,"164":1,"166":1,"174":1,"180":1,"185":1,"190":1,"194":2,"196":2,"200":4,"201":4,"202":2,"204":0,"205":0},"path":"/workspaces/Trait-Forge-Audit/2024-07-traitforge/contracts/EntityForging/EntityForging.sol","s":{"1":0,"2":21,"3":1,"4":3,"5":3,"6":3,"7":2,"8":2,"9":2,"10":2,"11":2,"12":2,"13":2,"14":2,"15":2,"16":2,"17":1,"18":1,"19":1,"20":1,"21":1,"22":1,"23":1,"24":1,"25":1,"26":1,"27":1,"28":1,"29":1,"30":1,"31":1,"32":1,"33":1,"34":1,"35":1,"36":1,"37":1,"38":1,"39":1,"40":1,"41":1,"42":1,"43":2,"44":4,"45":4,"46":2},"b":{"1":[0,0],"2":[0,0],"3":[0,0],"4":[0,0],"5":[3,0],"6":[3,0],"7":[3,0],"8":[2,1],"9":[2,0],"10":[2,0],"11":[2,0],"12":[2,0],"13":[2,0],"14":[1,1],"15":[1,0],"16":[1,0],"17":[1,0],"18":[1,0],"19":[1,0],"20":[1,0],"21":[1,0],"22":[1,0],"23":[1,0],"24":[1,0],"25":[1,0],"26":[0,1],"27":[1,0],"28":[2,2],"29":[0,2]},"f":{"1":7,"2":0,"3":0,"4":0,"5":0,"6":0,"7":21,"8":1,"9":3,"10":2,"11":1,"12":2,"13":4},"fnMap":{"1":{"name":"constructor","line":25,"loc":{"start":{"line":25,"column":2},"end":{"line":27,"column":2}}},"2":{"name":"setNukeFundAddress","line":32,"loc":{"start":{"line":30,"column":2},"end":{"line":34,"column":2}}},"3":{"name":"setTaxCut","line":36,"loc":{"start":{"line":36,"column":2},"end":{"line":38,"column":2}}},"4":{"name":"setOneYearInDays","line":40,"loc":{"start":{"line":40,"column":2},"end":{"line":42,"column":2}}},"5":{"name":"setMinimumListingFee","line":44,"loc":{"start":{"line":44,"column":2},"end":{"line":46,"column":2}}},"6":{"name":"fetchListings","line":48,"loc":{"start":{"line":48,"column":2},"end":{"line":53,"column":2}}},"7":{"name":"getListedTokenIds","line":55,"loc":{"start":{"line":55,"column":2},"end":{"line":59,"column":2}}},"8":{"name":"getListings","line":61,"loc":{"start":{"line":61,"column":2},"end":{"line":65,"column":2}}},"9":{"name":"listForForging","line":70,"loc":{"start":{"line":67,"column":2},"end":{"line":100,"column":2}}},"10":{"name":"forgeWithListed","line":105,"loc":{"start":{"line":102,"column":2},"end":{"line":175,"column":2}}},"11":{"name":"cancelListingForForging","line":179,"loc":{"start":{"line":177,"column":2},"end":{"line":191,"column":2}}},"12":{"name":"_cancelListingForForging","line":193,"loc":{"start":{"line":193,"column":2},"end":{"line":197,"column":2}}},"13":{"name":"_resetForgingCountIfNeeded","line":199,"loc":{"start":{"line":199,"column":2},"end":{"line":207,"column":2}}}},"statementMap":{"1":{"start":{"line":50,"column":4},"end":{"line":50,"column":1627}},"2":{"start":{"line":58,"column":4},"end":{"line":58,"column":35}},"3":{"start":{"line":64,"column":4},"end":{"line":64,"column":23}},"4":{"start":{"line":71,"column":4},"end":{"line":71,"column":67}},"5":{"start":{"line":73,"column":4},"end":{"line":73,"column":73}},"6":{"start":{"line":74,"column":4},"end":{"line":74,"column":2226}},"7":{"start":{"line":78,"column":4},"end":{"line":78,"column":2330}},"8":{"start":{"line":83,"column":4},"end":{"line":83,"column":38}},"9":{"start":{"line":85,"column":4},"end":{"line":85,"column":58}},"10":{"start":{"line":86,"column":4},"end":{"line":86,"column":53}},"11":{"start":{"line":87,"column":4},"end":{"line":87,"column":2665}},"12":{"start":{"line":92,"column":4},"end":{"line":92,"column":38}},"13":{"start":{"line":93,"column":4},"end":{"line":93,"column":57}},"14":{"start":{"line":99,"column":4},"end":{"line":99,"column":39}},"15":{"start":{"line":106,"column":4},"end":{"line":106,"column":79}},"16":{"start":{"line":107,"column":4},"end":{"line":107,"column":3368}},"17":{"start":{"line":111,"column":4},"end":{"line":111,"column":3470}},"18":{"start":{"line":115,"column":4},"end":{"line":115,"column":3587}},"19":{"start":{"line":119,"column":4},"end":{"line":119,"column":3722}},"20":{"start":{"line":125,"column":4},"end":{"line":125,"column":47}},"21":{"start":{"line":126,"column":4},"end":{"line":126,"column":67}},"22":{"start":{"line":128,"column":4},"end":{"line":128,"column":44}},"23":{"start":{"line":129,"column":4},"end":{"line":129,"column":44}},"24":{"start":{"line":136,"column":4},"end":{"line":136,"column":70}},"25":{"start":{"line":137,"column":4},"end":{"line":137,"column":48}},"26":{"start":{"line":138,"column":4},"end":{"line":138,"column":65}},"27":{"start":{"line":140,"column":4},"end":{"line":140,"column":4672}},"28":{"start":{"line":146,"column":4},"end":{"line":146,"column":40}},"29":{"start":{"line":147,"column":4},"end":{"line":147,"column":45}},"30":{"start":{"line":148,"column":4},"end":{"line":148,"column":77}},"31":{"start":{"line":150,"column":4},"end":{"line":150,"column":4995}},"32":{"start":{"line":156,"column":4},"end":{"line":156,"column":64}},"33":{"start":{"line":157,"column":4},"end":{"line":157,"column":49}},"34":{"start":{"line":158,"column":4},"end":{"line":158,"column":71}},"35":{"start":{"line":159,"column":4},"end":{"line":159,"column":58}},"36":{"start":{"line":162,"column":4},"end":{"line":162,"column":42}},"37":{"start":{"line":164,"column":4},"end":{"line":164,"column":64}},"38":{"start":{"line":166,"column":4},"end":{"line":166,"column":5513}},"39":{"start":{"line":174,"column":4},"end":{"line":174,"column":21}},"40":{"start":{"line":180,"column":4},"end":{"line":180,"column":5764}},"41":{"start":{"line":185,"column":4},"end":{"line":185,"column":5914}},"42":{"start":{"line":190,"column":4},"end":{"line":190,"column":36}},"43":{"start":{"line":196,"column":4},"end":{"line":196,"column":44}},"44":{"start":{"line":200,"column":4},"end":{"line":200,"column":35}},"45":{"start":{"line":201,"column":4},"end":{"line":201,"column":6376}},"46":{"start":{"line":203,"column":11},"end":{"line":203,"column":6490}}},"branchMap":{"1":{"line":32,"type":"if","locations":[{"start":{"line":32,"column":13},"end":{"line":32,"column":13}},{"start":{"line":32,"column":13},"end":{"line":32,"column":13}}]},"2":{"line":36,"type":"if","locations":[{"start":{"line":36,"column":47},"end":{"line":36,"column":47}},{"start":{"line":36,"column":47},"end":{"line":36,"column":47}}]},"3":{"line":40,"type":"if","locations":[{"start":{"line":40,"column":52},"end":{"line":40,"column":52}},{"start":{"line":40,"column":52},"end":{"line":40,"column":52}}]},"4":{"line":44,"type":"if","locations":[{"start":{"line":44,"column":55},"end":{"line":44,"column":55}},{"start":{"line":44,"column":55},"end":{"line":44,"column":55}}]},"5":{"line":70,"type":"if","locations":[{"start":{"line":70,"column":11},"end":{"line":70,"column":11}},{"start":{"line":70,"column":11},"end":{"line":70,"column":11}}]},"6":{"line":70,"type":"if","locations":[{"start":{"line":70,"column":25},"end":{"line":70,"column":25}},{"start":{"line":70,"column":25},"end":{"line":70,"column":25}}]},"7":{"line":73,"type":"if","locations":[{"start":{"line":73,"column":4},"end":{"line":73,"column":4}},{"start":{"line":73,"column":4},"end":{"line":73,"column":4}}]},"8":{"line":74,"type":"if","locations":[{"start":{"line":74,"column":4},"end":{"line":74,"column":4}},{"start":{"line":74,"column":4},"end":{"line":74,"column":4}}]},"9":{"line":78,"type":"if","locations":[{"start":{"line":78,"column":4},"end":{"line":78,"column":4}},{"start":{"line":78,"column":4},"end":{"line":78,"column":4}}]},"10":{"line":87,"type":"if","locations":[{"start":{"line":87,"column":4},"end":{"line":87,"column":4}},{"start":{"line":87,"column":4},"end":{"line":87,"column":4}}]},"11":{"line":93,"type":"if","locations":[{"start":{"line":93,"column":4},"end":{"line":93,"column":4}},{"start":{"line":93,"column":4},"end":{"line":93,"column":4}}]},"12":{"line":105,"type":"if","locations":[{"start":{"line":105,"column":21},"end":{"line":105,"column":21}},{"start":{"line":105,"column":21},"end":{"line":105,"column":21}}]},"13":{"line":105,"type":"if","locations":[{"start":{"line":105,"column":35},"end":{"line":105,"column":35}},{"start":{"line":105,"column":35},"end":{"line":105,"column":35}}]},"14":{"line":107,"type":"if","locations":[{"start":{"line":107,"column":4},"end":{"line":107,"column":4}},{"start":{"line":107,"column":4},"end":{"line":107,"column":4}}]},"15":{"line":111,"type":"if","locations":[{"start":{"line":111,"column":4},"end":{"line":111,"column":4}},{"start":{"line":111,"column":4},"end":{"line":111,"column":4}}]},"16":{"line":115,"type":"if","locations":[{"start":{"line":115,"column":4},"end":{"line":115,"column":4}},{"start":{"line":115,"column":4},"end":{"line":115,"column":4}}]},"17":{"line":119,"type":"if","locations":[{"start":{"line":119,"column":4},"end":{"line":119,"column":4}},{"start":{"line":119,"column":4},"end":{"line":119,"column":4}}]},"18":{"line":126,"type":"if","locations":[{"start":{"line":126,"column":4},"end":{"line":126,"column":4}},{"start":{"line":126,"column":4},"end":{"line":126,"column":4}}]},"19":{"line":137,"type":"if","locations":[{"start":{"line":137,"column":4},"end":{"line":137,"column":4}},{"start":{"line":137,"column":4},"end":{"line":137,"column":4}}]},"20":{"line":140,"type":"if","locations":[{"start":{"line":140,"column":4},"end":{"line":140,"column":4}},{"start":{"line":140,"column":4},"end":{"line":140,"column":4}}]},"21":{"line":157,"type":"if","locations":[{"start":{"line":157,"column":4},"end":{"line":157,"column":4}},{"start":{"line":157,"column":4},"end":{"line":157,"column":4}}]},"22":{"line":159,"type":"if","locations":[{"start":{"line":159,"column":4},"end":{"line":159,"column":4}},{"start":{"line":159,"column":4},"end":{"line":159,"column":4}}]},"23":{"line":179,"type":"if","locations":[{"start":{"line":179,"column":13},"end":{"line":179,"column":13}},{"start":{"line":179,"column":13},"end":{"line":179,"column":13}}]},"24":{"line":179,"type":"if","locations":[{"start":{"line":179,"column":27},"end":{"line":179,"column":27}},{"start":{"line":179,"column":27},"end":{"line":179,"column":27}}]},"25":{"line":180,"type":"if","locations":[{"start":{"line":180,"column":4},"end":{"line":180,"column":4}},{"start":{"line":180,"column":4},"end":{"line":180,"column":4}}]},"26":{"line":181,"type":"cond-expr","locations":[{"start":{"line":181,"column":6},"end":{"line":181,"column":47}},{"start":{"line":182,"column":8},"end":{"line":182,"column":41}}]},"27":{"line":185,"type":"if","locations":[{"start":{"line":185,"column":4},"end":{"line":185,"column":4}},{"start":{"line":185,"column":4},"end":{"line":185,"column":4}}]},"28":{"line":201,"type":"if","locations":[{"start":{"line":201,"column":4},"end":{"line":201,"column":4}},{"start":{"line":201,"column":4},"end":{"line":201,"column":4}}]},"29":{"line":203,"type":"if","locations":[{"start":{"line":203,"column":11},"end":{"line":203,"column":11}},{"start":{"line":203,"column":11},"end":{"line":203,"column":11}}]}}},"contracts/EntityForging/IEntityForging.sol":{"l":{},"path":"/workspaces/Trait-Forge-Audit/2024-07-traitforge/contracts/EntityForging/IEntityForging.sol","s":{},"b":{},"f":{},"fnMap":{},"statementMap":{},"branchMap":{}},"contracts/EntityTrading/EntityTrading.sol":{"l":{"23":8,"30":8,"34":0,"42":4,"43":4,"47":4,"53":4,"55":4,"56":4,"57":4,"59":4,"64":2,"65":2,"69":2,"72":2,"73":2,"74":2,"77":2,"80":2,"81":2,"83":2,"85":2,"95":1,"98":1,"102":1,"104":1,"106":1,"108":1,"113":2,"114":2,"115":2,"116":2},"path":"/workspaces/Trait-Forge-Audit/2024-07-traitforge/contracts/EntityTrading/EntityTrading.sol","s":{"1":4,"2":4,"3":4,"4":4,"5":4,"6":2,"7":2,"8":2,"9":2,"10":2,"11":2,"12":2,"13":2,"14":2,"15":2,"16":1,"17":1,"18":1,"19":1,"20":1,"21":2,"22":2,"23":2,"24":2},"b":{"1":[8,0],"2":[0,0],"3":[4,0],"4":[4,0],"5":[4,0],"6":[4,0],"7":[4,0],"8":[4,0],"9":[2,0],"10":[2,0],"11":[2,0],"12":[2,0],"13":[2,0],"14":[1,0],"15":[1,0],"16":[1,0],"17":[1,0],"18":[2,0],"19":[2,0]},"f":{"1":8,"2":8,"3":0,"4":4,"5":2,"6":1,"7":2},"fnMap":{"1":{"name":"constructor","line":22,"loc":{"start":{"line":22,"column":2},"end":{"line":24,"column":2}}},"2":{"name":"setNukeFundAddress","line":29,"loc":{"start":{"line":27,"column":2},"end":{"line":31,"column":2}}},"3":{"name":"setTaxCut","line":33,"loc":{"start":{"line":33,"column":2},"end":{"line":35,"column":2}}},"4":{"name":"listNFTForSale","line":41,"loc":{"start":{"line":38,"column":2},"end":{"line":60,"column":2}}},"5":{"name":"buyNFT","line":63,"loc":{"start":{"line":63,"column":2},"end":{"line":92,"column":2}}},"6":{"name":"cancelListing","line":94,"loc":{"start":{"line":94,"column":2},"end":{"line":109,"column":2}}},"7":{"name":"transferToNukeFund","line":112,"loc":{"start":{"line":112,"column":2},"end":{"line":117,"column":2}}}},"statementMap":{"1":{"start":{"line":42,"column":4},"end":{"line":42,"column":56}},"2":{"start":{"line":43,"column":4},"end":{"line":43,"column":1356}},"3":{"start":{"line":47,"column":4},"end":{"line":47,"column":1464}},"4":{"start":{"line":53,"column":4},"end":{"line":53,"column":63}},"5":{"start":{"line":59,"column":4},"end":{"line":59,"column":46}},"6":{"start":{"line":64,"column":4},"end":{"line":64,"column":62}},"7":{"start":{"line":65,"column":4},"end":{"line":65,"column":2138}},"8":{"start":{"line":69,"column":4},"end":{"line":69,"column":71}},"9":{"start":{"line":72,"column":4},"end":{"line":72,"column":53}},"10":{"start":{"line":73,"column":4},"end":{"line":73,"column":61}},"11":{"start":{"line":74,"column":4},"end":{"line":74,"column":43}},"12":{"start":{"line":77,"column":4},"end":{"line":77,"column":2617}},"13":{"start":{"line":80,"column":4},"end":{"line":80,"column":47}},"14":{"start":{"line":81,"column":4},"end":{"line":81,"column":63}},"15":{"start":{"line":85,"column":4},"end":{"line":85,"column":2922}},"16":{"start":{"line":95,"column":4},"end":{"line":95,"column":63}},"17":{"start":{"line":98,"column":4},"end":{"line":98,"column":3283}},"18":{"start":{"line":102,"column":4},"end":{"line":102,"column":54}},"19":{"start":{"line":104,"column":4},"end":{"line":104,"column":63}},"20":{"start":{"line":108,"column":4},"end":{"line":108,"column":45}},"21":{"start":{"line":113,"column":4},"end":{"line":113,"column":69}},"22":{"start":{"line":114,"column":4},"end":{"line":114,"column":64}},"23":{"start":{"line":115,"column":4},"end":{"line":115,"column":55}},"24":{"start":{"line":116,"column":4},"end":{"line":116,"column":52}}},"branchMap":{"1":{"line":29,"type":"if","locations":[{"start":{"line":29,"column":13},"end":{"line":29,"column":13}},{"start":{"line":29,"column":13},"end":{"line":29,"column":13}}]},"2":{"line":33,"type":"if","locations":[{"start":{"line":33,"column":47},"end":{"line":33,"column":47}},{"start":{"line":33,"column":47},"end":{"line":33,"column":47}}]},"3":{"line":41,"type":"if","locations":[{"start":{"line":41,"column":11},"end":{"line":41,"column":11}},{"start":{"line":41,"column":11},"end":{"line":41,"column":11}}]},"4":{"line":41,"type":"if","locations":[{"start":{"line":41,"column":25},"end":{"line":41,"column":25}},{"start":{"line":41,"column":25},"end":{"line":41,"column":25}}]},"5":{"line":42,"type":"if","locations":[{"start":{"line":42,"column":4},"end":{"line":42,"column":4}},{"start":{"line":42,"column":4},"end":{"line":42,"column":4}}]},"6":{"line":43,"type":"if","locations":[{"start":{"line":43,"column":4},"end":{"line":43,"column":4}},{"start":{"line":43,"column":4},"end":{"line":43,"column":4}}]},"7":{"line":47,"type":"if","locations":[{"start":{"line":47,"column":4},"end":{"line":47,"column":4}},{"start":{"line":47,"column":4},"end":{"line":47,"column":4}}]},"8":{"line":48,"type":"cond-expr","locations":[{"start":{"line":48,"column":6},"end":{"line":48,"column":54}},{"start":{"line":49,"column":8},"end":{"line":49,"column":62}}]},"9":{"line":63,"type":"if","locations":[{"start":{"line":63,"column":52},"end":{"line":63,"column":52}},{"start":{"line":63,"column":52},"end":{"line":63,"column":52}}]},"10":{"line":63,"type":"if","locations":[{"start":{"line":63,"column":66},"end":{"line":63,"column":66}},{"start":{"line":63,"column":66},"end":{"line":63,"column":66}}]},"11":{"line":65,"type":"if","locations":[{"start":{"line":65,"column":4},"end":{"line":65,"column":4}},{"start":{"line":65,"column":4},"end":{"line":65,"column":4}}]},"12":{"line":69,"type":"if","locations":[{"start":{"line":69,"column":4},"end":{"line":69,"column":4}},{"start":{"line":69,"column":4},"end":{"line":69,"column":4}}]},"13":{"line":80,"type":"if","locations":[{"start":{"line":80,"column":4},"end":{"line":80,"column":4}},{"start":{"line":80,"column":4},"end":{"line":80,"column":4}}]},"14":{"line":94,"type":"if","locations":[{"start":{"line":94,"column":49},"end":{"line":94,"column":49}},{"start":{"line":94,"column":49},"end":{"line":94,"column":49}}]},"15":{"line":94,"type":"if","locations":[{"start":{"line":94,"column":63},"end":{"line":94,"column":63}},{"start":{"line":94,"column":63},"end":{"line":94,"column":63}}]},"16":{"line":98,"type":"if","locations":[{"start":{"line":98,"column":4},"end":{"line":98,"column":4}},{"start":{"line":98,"column":4},"end":{"line":98,"column":4}}]},"17":{"line":102,"type":"if","locations":[{"start":{"line":102,"column":4},"end":{"line":102,"column":4}},{"start":{"line":102,"column":4},"end":{"line":102,"column":4}}]},"18":{"line":113,"type":"if","locations":[{"start":{"line":113,"column":4},"end":{"line":113,"column":4}},{"start":{"line":113,"column":4},"end":{"line":113,"column":4}}]},"19":{"line":115,"type":"if","locations":[{"start":{"line":115,"column":4},"end":{"line":115,"column":4}},{"start":{"line":115,"column":4},"end":{"line":115,"column":4}}]}}},"contracts/EntityTrading/IEntityTrading.sol":{"l":{},"path":"/workspaces/Trait-Forge-Audit/2024-07-traitforge/contracts/EntityTrading/IEntityTrading.sol","s":{},"b":{},"f":{},"fnMap":{},"statementMap":{},"branchMap":{}},"contracts/EntropyGenerator/EntropyGenerator.sol":{"l":{"26":18,"27":18,"31":8,"32":8,"37":1,"38":1,"43":1,"48":8,"50":8,"51":8,"52":8,"53":2048,"56":2048,"57":2048,"60":8,"65":1,"70":1,"71":1,"72":1,"73":256,"76":256,"77":256,"80":1,"85":1,"89":1,"90":1,"91":258,"94":258,"97":1,"102":18,"103":18,"105":18,"106":0,"107":0,"108":0,"110":0,"113":18,"117":18,"119":18,"127":0,"132":3,"149":1,"152":1,"153":1,"154":1,"157":1,"158":1,"160":1,"168":19,"170":19,"174":0,"177":19,"178":19,"180":19,"181":19,"182":19,"184":19,"189":19,"190":19,"191":104,"192":104,"194":19,"199":1,"200":1,"202":1,"207":8,"211":8,"212":8,"214":8,"215":8},"path":"/workspaces/Trait-Forge-Audit/2024-07-traitforge/contracts/EntropyGenerator/EntropyGenerator.sol","s":{"1":18,"2":8,"3":1,"4":1,"5":8,"6":8,"7":8,"8":2048,"9":2048,"10":1,"11":1,"12":1,"13":256,"14":256,"15":1,"16":1,"17":258,"18":18,"19":18,"20":18,"21":0,"22":18,"23":18,"24":0,"25":3,"26":1,"27":1,"28":1,"29":19,"30":19,"31":0,"32":19,"33":19,"34":19,"35":19,"36":19,"37":19,"38":19,"39":19,"40":19,"41":1,"42":1,"43":8,"44":8,"45":8},"b":{"1":[18,0],"2":[1,0],"3":[8,0],"4":[2048,0],"5":[1,0],"6":[256,0],"7":[1,0],"8":[18,0],"9":[18,0],"10":[0,18],"11":[0,0],"12":[19,0],"13":[0,19],"14":[19,0],"15":[8,0],"16":[8,0]},"f":{"1":18,"2":8,"3":1,"4":1,"5":8,"6":1,"7":1,"8":18,"9":0,"10":3,"11":1,"12":19,"13":19,"14":1,"15":8},"fnMap":{"1":{"name":"onlyAllowedCaller","line":25,"loc":{"start":{"line":25,"column":2},"end":{"line":28,"column":2}}},"2":{"name":"constructor","line":30,"loc":{"start":{"line":30,"column":2},"end":{"line":33,"column":2}}},"3":{"name":"setAllowedCaller","line":36,"loc":{"start":{"line":36,"column":2},"end":{"line":39,"column":2}}},"4":{"name":"getAllowedCaller","line":42,"loc":{"start":{"line":42,"column":2},"end":{"line":44,"column":2}}},"5":{"name":"writeEntropyBatch1","line":47,"loc":{"start":{"line":47,"column":2},"end":{"line":61,"column":2}}},"6":{"name":"writeEntropyBatch2","line":64,"loc":{"start":{"line":64,"column":2},"end":{"line":81,"column":2}}},"7":{"name":"writeEntropyBatch3","line":84,"loc":{"start":{"line":84,"column":2},"end":{"line":98,"column":2}}},"8":{"name":"getNextEntropy","line":101,"loc":{"start":{"line":101,"column":2},"end":{"line":120,"column":2}}},"9":{"name":"getPublicEntropy","line":123,"loc":{"start":{"line":123,"column":2},"end":{"line":128,"column":2}}},"10":{"name":"getLastInitializedIndex","line":131,"loc":{"start":{"line":131,"column":2},"end":{"line":133,"column":2}}},"11":{"name":"deriveTokenParameters","line":136,"loc":{"start":{"line":136,"column":2},"end":{"line":161,"column":2}}},"12":{"name":"getEntropy","line":164,"loc":{"start":{"line":164,"column":2},"end":{"line":185,"column":2}}},"13":{"name":"numberOfDigits","line":188,"loc":{"start":{"line":188,"column":2},"end":{"line":195,"column":2}}},"14":{"name":"getFirstDigit","line":198,"loc":{"start":{"line":198,"column":2},"end":{"line":203,"column":2}}},"15":{"name":"initializeAlphaIndices","line":206,"loc":{"start":{"line":206,"column":2},"end":{"line":216,"column":2}}}},"statementMap":{"1":{"start":{"line":26,"column":4},"end":{"line":26,"column":64}},"2":{"start":{"line":32,"column":4},"end":{"line":32,"column":27}},"3":{"start":{"line":38,"column":4},"end":{"line":38,"column":45}},"4":{"start":{"line":43,"column":4},"end":{"line":43,"column":24}},"5":{"start":{"line":48,"column":4},"end":{"line":48,"column":77}},"6":{"start":{"line":50,"column":4},"end":{"line":50,"column":56}},"7":{"start":{"line":52,"column":6},"end":{"line":52,"column":2053}},"8":{"start":{"line":53,"column":8},"end":{"line":53,"column":2144}},"9":{"start":{"line":56,"column":8},"end":{"line":56,"column":68}},"10":{"start":{"line":65,"column":4},"end":{"line":65,"column":2594}},"11":{"start":{"line":70,"column":4},"end":{"line":70,"column":56}},"12":{"start":{"line":72,"column":6},"end":{"line":72,"column":2822}},"13":{"start":{"line":73,"column":8},"end":{"line":73,"column":2913}},"14":{"start":{"line":76,"column":8},"end":{"line":76,"column":68}},"15":{"start":{"line":85,"column":4},"end":{"line":85,"column":3285}},"16":{"start":{"line":90,"column":6},"end":{"line":90,"column":3454}},"17":{"start":{"line":91,"column":8},"end":{"line":91,"column":3549}},"18":{"start":{"line":102,"column":4},"end":{"line":102,"column":71}},"19":{"start":{"line":103,"column":4},"end":{"line":103,"column":70}},"20":{"start":{"line":105,"column":4},"end":{"line":105,"column":4064}},"21":{"start":{"line":107,"column":6},"end":{"line":107,"column":4150}},"22":{"start":{"line":117,"column":4},"end":{"line":117,"column":34}},"23":{"start":{"line":119,"column":4},"end":{"line":119,"column":18}},"24":{"start":{"line":127,"column":4},"end":{"line":127,"column":45}},"25":{"start":{"line":132,"column":4},"end":{"line":132,"column":31}},"26":{"start":{"line":149,"column":4},"end":{"line":149,"column":56}},"27":{"start":{"line":157,"column":4},"end":{"line":157,"column":30}},"28":{"start":{"line":160,"column":4},"end":{"line":160,"column":68}},"29":{"start":{"line":168,"column":4},"end":{"line":168,"column":66}},"30":{"start":{"line":170,"column":4},"end":{"line":170,"column":5972}},"31":{"start":{"line":174,"column":6},"end":{"line":174,"column":19}},"32":{"start":{"line":177,"column":4},"end":{"line":177,"column":38}},"33":{"start":{"line":178,"column":4},"end":{"line":178,"column":56}},"34":{"start":{"line":180,"column":4},"end":{"line":180,"column":47}},"35":{"start":{"line":181,"column":4},"end":{"line":181,"column":69}},"36":{"start":{"line":182,"column":4},"end":{"line":182,"column":75}},"37":{"start":{"line":184,"column":4},"end":{"line":184,"column":24}},"38":{"start":{"line":189,"column":4},"end":{"line":189,"column":22}},"39":{"start":{"line":190,"column":4},"end":{"line":190,"column":6806}},"40":{"start":{"line":194,"column":4},"end":{"line":194,"column":17}},"41":{"start":{"line":199,"column":4},"end":{"line":199,"column":7019}},"42":{"start":{"line":202,"column":4},"end":{"line":202,"column":17}},"43":{"start":{"line":207,"column":4},"end":{"line":207,"column":7231}},"44":{"start":{"line":211,"column":4},"end":{"line":211,"column":56}},"45":{"start":{"line":212,"column":4},"end":{"line":212,"column":49}}},"branchMap":{"1":{"line":26,"type":"if","locations":[{"start":{"line":26,"column":4},"end":{"line":26,"column":4}},{"start":{"line":26,"column":4},"end":{"line":26,"column":4}}]},"2":{"line":36,"type":"if","locations":[{"start":{"line":36,"column":61},"end":{"line":36,"column":61}},{"start":{"line":36,"column":61},"end":{"line":36,"column":61}}]},"3":{"line":48,"type":"if","locations":[{"start":{"line":48,"column":4},"end":{"line":48,"column":4}},{"start":{"line":48,"column":4},"end":{"line":48,"column":4}}]},"4":{"line":56,"type":"if","locations":[{"start":{"line":56,"column":8},"end":{"line":56,"column":8}},{"start":{"line":56,"column":8},"end":{"line":56,"column":8}}]},"5":{"line":65,"type":"if","locations":[{"start":{"line":65,"column":4},"end":{"line":65,"column":4}},{"start":{"line":65,"column":4},"end":{"line":65,"column":4}}]},"6":{"line":76,"type":"if","locations":[{"start":{"line":76,"column":8},"end":{"line":76,"column":8}},{"start":{"line":76,"column":8},"end":{"line":76,"column":8}}]},"7":{"line":85,"type":"if","locations":[{"start":{"line":85,"column":4},"end":{"line":85,"column":4}},{"start":{"line":85,"column":4},"end":{"line":85,"column":4}}]},"8":{"line":101,"type":"if","locations":[{"start":{"line":101,"column":35},"end":{"line":101,"column":35}},{"start":{"line":101,"column":35},"end":{"line":101,"column":35}}]},"9":{"line":102,"type":"if","locations":[{"start":{"line":102,"column":4},"end":{"line":102,"column":4}},{"start":{"line":102,"column":4},"end":{"line":102,"column":4}}]},"10":{"line":105,"type":"if","locations":[{"start":{"line":105,"column":4},"end":{"line":105,"column":4}},{"start":{"line":105,"column":4},"end":{"line":105,"column":4}}]},"11":{"line":107,"type":"if","locations":[{"start":{"line":107,"column":6},"end":{"line":107,"column":6}},{"start":{"line":107,"column":6},"end":{"line":107,"column":6}}]},"12":{"line":168,"type":"if","locations":[{"start":{"line":168,"column":4},"end":{"line":168,"column":4}},{"start":{"line":168,"column":4},"end":{"line":168,"column":4}}]},"13":{"line":170,"type":"if","locations":[{"start":{"line":170,"column":4},"end":{"line":170,"column":4}},{"start":{"line":170,"column":4},"end":{"line":170,"column":4}}]},"14":{"line":178,"type":"if","locations":[{"start":{"line":178,"column":4},"end":{"line":178,"column":4}},{"start":{"line":178,"column":4},"end":{"line":178,"column":4}}]},"15":{"line":206,"type":"if","locations":[{"start":{"line":206,"column":43},"end":{"line":206,"column":43}},{"start":{"line":206,"column":43},"end":{"line":206,"column":43}}]},"16":{"line":206,"type":"if","locations":[{"start":{"line":206,"column":57},"end":{"line":206,"column":57}},{"start":{"line":206,"column":57},"end":{"line":206,"column":57}}]}}},"contracts/EntropyGenerator/IEntropyGenerator.sol":{"l":{},"path":"/workspaces/Trait-Forge-Audit/2024-07-traitforge/contracts/EntropyGenerator/IEntropyGenerator.sol","s":{},"b":{},"f":{},"fnMap":{},"statementMap":{},"branchMap":{}},"contracts/NukeFund/INukeFund.sol":{"l":{},"path":"/workspaces/Trait-Forge-Audit/2024-07-traitforge/contracts/NukeFund/INukeFund.sol","s":{},"b":{},"f":{},"fnMap":{},"statementMap":{},"branchMap":{}},"contracts/NukeFund/NukeFund.sol":{"l":{"33":7,"34":7,"35":7,"36":7,"41":19,"42":19,"44":19,"46":19,"47":19,"48":19,"49":19,"51":0,"52":0,"54":0,"55":0,"56":0,"59":19,"60":19,"64":0,"68":6,"72":0,"76":0,"80":0,"85":1,"86":1,"90":0,"91":0,"95":0,"96":0,"100":0,"101":0,"106":5,"110":0,"114":0,"119":3,"121":3,"126":3,"128":3,"132":3,"137":2,"142":2,"143":2,"145":2,"147":2,"150":2,"154":1,"158":1,"163":1,"165":1,"166":1,"167":1,"170":1,"174":1,"176":1,"177":1,"178":1,"180":1,"181":1,"186":6,"190":6,"193":6},"path":"/workspaces/Trait-Forge-Audit/2024-07-traitforge/contracts/NukeFund/NukeFund.sol","s":{"1":1,"2":0,"3":0,"4":0,"5":5,"6":0,"7":3,"8":3,"9":3,"10":3,"11":3,"12":2,"13":2,"14":2,"15":2,"16":2,"17":2,"18":1,"19":1,"20":1,"21":1,"22":1,"23":1,"24":1,"25":1,"26":1,"27":1,"28":1,"29":1,"30":6,"31":6,"32":6},"b":{"1":[19,0],"2":[19,0],"3":[0,0],"4":[0,0],"5":[0,0],"6":[0,0],"7":[6,0],"8":[0,0],"9":[0,0],"10":[0,0],"11":[1,0],"12":[0,0],"13":[0,0],"14":[0,0],"15":[0,0],"16":[3,0],"17":[2,0],"18":[1,0],"19":[1,0],"20":[1,0],"21":[1,0],"22":[1,0],"23":[1,0],"24":[0,1],"25":[1,0],"26":[6,0]},"f":{"1":7,"2":0,"3":6,"4":0,"5":0,"6":0,"7":1,"8":0,"9":0,"10":0,"11":5,"12":0,"13":0,"14":3,"15":2,"16":1,"17":6},"fnMap":{"1":{"name":"constructor","line":27,"loc":{"start":{"line":27,"column":2},"end":{"line":37,"column":2}}},"2":{"name":"setTaxCut","line":63,"loc":{"start":{"line":63,"column":2},"end":{"line":65,"column":2}}},"3":{"name":"setMinimumDaysHeld","line":67,"loc":{"start":{"line":67,"column":2},"end":{"line":69,"column":2}}},"4":{"name":"setDefaultNukeFactorIncrease","line":71,"loc":{"start":{"line":71,"column":2},"end":{"line":73,"column":2}}},"5":{"name":"setMaxAllowedClaimDivisor","line":75,"loc":{"start":{"line":75,"column":2},"end":{"line":77,"column":2}}},"6":{"name":"setNukeFactorMaxParam","line":79,"loc":{"start":{"line":79,"column":2},"end":{"line":81,"column":2}}},"7":{"name":"setTraitForgeNftContract","line":84,"loc":{"start":{"line":84,"column":2},"end":{"line":87,"column":2}}},"8":{"name":"setAirdropContract","line":89,"loc":{"start":{"line":89,"column":2},"end":{"line":92,"column":2}}},"9":{"name":"setDevAddress","line":94,"loc":{"start":{"line":94,"column":2},"end":{"line":97,"column":2}}},"10":{"name":"setDaoAddress","line":99,"loc":{"start":{"line":99,"column":2},"end":{"line":102,"column":2}}},"11":{"name":"getFundBalance","line":105,"loc":{"start":{"line":105,"column":2},"end":{"line":107,"column":2}}},"12":{"name":"setAgeMultplier","line":109,"loc":{"start":{"line":109,"column":2},"end":{"line":111,"column":2}}},"13":{"name":"getAgeMultiplier","line":113,"loc":{"start":{"line":113,"column":2},"end":{"line":115,"column":2}}},"14":{"name":"calculateAge","line":118,"loc":{"start":{"line":118,"column":2},"end":{"line":133,"column":2}}},"15":{"name":"calculateNukeFactor","line":136,"loc":{"start":{"line":136,"column":2},"end":{"line":151,"column":2}}},"16":{"name":"nuke","line":153,"loc":{"start":{"line":153,"column":2},"end":{"line":182,"column":2}}},"17":{"name":"canTokenBeNuked","line":184,"loc":{"start":{"line":184,"column":2},"end":{"line":194,"column":2}}}},"statementMap":{"1":{"start":{"line":86,"column":4},"end":{"line":86,"column":52}},"2":{"start":{"line":91,"column":4},"end":{"line":91,"column":40}},"3":{"start":{"line":96,"column":4},"end":{"line":96,"column":35}},"4":{"start":{"line":101,"column":4},"end":{"line":101,"column":35}},"5":{"start":{"line":106,"column":4},"end":{"line":106,"column":15}},"6":{"start":{"line":114,"column":4},"end":{"line":114,"column":24}},"7":{"start":{"line":119,"column":4},"end":{"line":119,"column":78}},"8":{"start":{"line":121,"column":4},"end":{"line":121,"column":4209}},"9":{"start":{"line":126,"column":4},"end":{"line":126,"column":72}},"10":{"start":{"line":128,"column":4},"end":{"line":128,"column":4431}},"11":{"start":{"line":132,"column":4},"end":{"line":132,"column":14}},"12":{"start":{"line":137,"column":4},"end":{"line":137,"column":4737}},"13":{"start":{"line":142,"column":4},"end":{"line":142,"column":58}},"14":{"start":{"line":143,"column":4},"end":{"line":143,"column":47}},"15":{"start":{"line":145,"column":4},"end":{"line":145,"column":44}},"16":{"start":{"line":147,"column":4},"end":{"line":147,"column":5113}},"17":{"start":{"line":150,"column":4},"end":{"line":150,"column":26}},"18":{"start":{"line":154,"column":4},"end":{"line":154,"column":5297}},"19":{"start":{"line":158,"column":4},"end":{"line":158,"column":5429}},"20":{"start":{"line":163,"column":4},"end":{"line":163,"column":63}},"21":{"start":{"line":165,"column":4},"end":{"line":165,"column":58}},"22":{"start":{"line":166,"column":4},"end":{"line":166,"column":77}},"23":{"start":{"line":167,"column":4},"end":{"line":167,"column":65}},"24":{"start":{"line":170,"column":4},"end":{"line":170,"column":6199}},"25":{"start":{"line":176,"column":4},"end":{"line":176,"column":28}},"26":{"start":{"line":177,"column":4},"end":{"line":177,"column":73}},"27":{"start":{"line":178,"column":4},"end":{"line":178,"column":43}},"28":{"start":{"line":180,"column":4},"end":{"line":180,"column":48}},"29":{"start":{"line":181,"column":4},"end":{"line":181,"column":33}},"30":{"start":{"line":186,"column":4},"end":{"line":186,"column":6805}},"31":{"start":{"line":190,"column":4},"end":{"line":190,"column":6983}},"32":{"start":{"line":193,"column":4},"end":{"line":193,"column":47}}},"branchMap":{"1":{"line":46,"type":"if","locations":[{"start":{"line":46,"column":4},"end":{"line":46,"column":4}},{"start":{"line":46,"column":4},"end":{"line":46,"column":4}}]},"2":{"line":48,"type":"if","locations":[{"start":{"line":48,"column":6},"end":{"line":48,"column":6}},{"start":{"line":48,"column":6},"end":{"line":48,"column":6}}]},"3":{"line":50,"type":"if","locations":[{"start":{"line":50,"column":11},"end":{"line":50,"column":11}},{"start":{"line":50,"column":11},"end":{"line":50,"column":11}}]},"4":{"line":52,"type":"if","locations":[{"start":{"line":52,"column":6},"end":{"line":52,"column":6}},{"start":{"line":52,"column":6},"end":{"line":52,"column":6}}]},"5":{"line":55,"type":"if","locations":[{"start":{"line":55,"column":6},"end":{"line":55,"column":6}},{"start":{"line":55,"column":6},"end":{"line":55,"column":6}}]},"6":{"line":63,"type":"if","locations":[{"start":{"line":63,"column":47},"end":{"line":63,"column":47}},{"start":{"line":63,"column":47},"end":{"line":63,"column":47}}]},"7":{"line":67,"type":"if","locations":[{"start":{"line":67,"column":54},"end":{"line":67,"column":54}},{"start":{"line":67,"column":54},"end":{"line":67,"column":54}}]},"8":{"line":71,"type":"if","locations":[{"start":{"line":71,"column":64},"end":{"line":71,"column":64}},{"start":{"line":71,"column":64},"end":{"line":71,"column":64}}]},"9":{"line":75,"type":"if","locations":[{"start":{"line":75,"column":61},"end":{"line":75,"column":61}},{"start":{"line":75,"column":61},"end":{"line":75,"column":61}}]},"10":{"line":79,"type":"if","locations":[{"start":{"line":79,"column":57},"end":{"line":79,"column":57}},{"start":{"line":79,"column":57},"end":{"line":79,"column":57}}]},"11":{"line":84,"type":"if","locations":[{"start":{"line":84,"column":69},"end":{"line":84,"column":69}},{"start":{"line":84,"column":69},"end":{"line":84,"column":69}}]},"12":{"line":89,"type":"if","locations":[{"start":{"line":89,"column":57},"end":{"line":89,"column":57}},{"start":{"line":89,"column":57},"end":{"line":89,"column":57}}]},"13":{"line":94,"type":"if","locations":[{"start":{"line":94,"column":59},"end":{"line":94,"column":59}},{"start":{"line":94,"column":59},"end":{"line":94,"column":59}}]},"14":{"line":99,"type":"if","locations":[{"start":{"line":99,"column":59},"end":{"line":99,"column":59}},{"start":{"line":99,"column":59},"end":{"line":99,"column":59}}]},"15":{"line":109,"type":"if","locations":[{"start":{"line":109,"column":60},"end":{"line":109,"column":60}},{"start":{"line":109,"column":60},"end":{"line":109,"column":60}}]},"16":{"line":119,"type":"if","locations":[{"start":{"line":119,"column":4},"end":{"line":119,"column":4}},{"start":{"line":119,"column":4},"end":{"line":119,"column":4}}]},"17":{"line":137,"type":"if","locations":[{"start":{"line":137,"column":4},"end":{"line":137,"column":4}},{"start":{"line":137,"column":4},"end":{"line":137,"column":4}}]},"18":{"line":153,"type":"if","locations":[{"start":{"line":153,"column":40},"end":{"line":153,"column":40}},{"start":{"line":153,"column":40},"end":{"line":153,"column":40}}]},"19":{"line":153,"type":"if","locations":[{"start":{"line":153,"column":54},"end":{"line":153,"column":54}},{"start":{"line":153,"column":54},"end":{"line":153,"column":54}}]},"20":{"line":154,"type":"if","locations":[{"start":{"line":154,"column":4},"end":{"line":154,"column":4}},{"start":{"line":154,"column":4},"end":{"line":154,"column":4}}]},"21":{"line":158,"type":"if","locations":[{"start":{"line":158,"column":4},"end":{"line":158,"column":4}},{"start":{"line":158,"column":4},"end":{"line":158,"column":4}}]},"22":{"line":159,"type":"cond-expr","locations":[{"start":{"line":159,"column":6},"end":{"line":159,"column":54}},{"start":{"line":160,"column":8},"end":{"line":160,"column":62}}]},"23":{"line":163,"type":"if","locations":[{"start":{"line":163,"column":4},"end":{"line":163,"column":4}},{"start":{"line":163,"column":4},"end":{"line":163,"column":4}}]},"24":{"line":171,"type":"if","locations":[{"start":{"line":171,"column":8},"end":{"line":171,"column":28}},{"start":{"line":172,"column":8},"end":{"line":172,"column":27}}]},"25":{"line":178,"type":"if","locations":[{"start":{"line":178,"column":4},"end":{"line":178,"column":4}},{"start":{"line":178,"column":4},"end":{"line":178,"column":4}}]},"26":{"line":186,"type":"if","locations":[{"start":{"line":186,"column":4},"end":{"line":186,"column":4}},{"start":{"line":186,"column":4},"end":{"line":186,"column":4}}]}}},"contracts/test/TestERC721.sol":{"l":{"12":1,"13":1},"path":"/workspaces/Trait-Forge-Audit/2024-07-traitforge/contracts/test/TestERC721.sol","s":{"1":1},"b":{},"f":{"1":1,"2":1},"fnMap":{"1":{"name":"constructor","line":9,"loc":{"start":{"line":9,"column":2},"end":{"line":9,"column":51}}},"2":{"name":"mintToken","line":11,"loc":{"start":{"line":11,"column":2},"end":{"line":14,"column":2}}}},"statementMap":{"1":{"start":{"line":12,"column":4},"end":{"line":12,"column":23}}},"branchMap":{}},"contracts/Trait/ITrait.sol":{"l":{},"path":"/workspaces/Trait-Forge-Audit/2024-07-traitforge/contracts/Trait/ITrait.sol","s":{},"b":{},"f":{},"fnMap":{},"statementMap":{},"branchMap":{}},"contracts/Trait/Trait.sol":{"l":{"16":2,"17":2,"21":0,"25":0,"26":0},"path":"/workspaces/Trait-Forge-Audit/2024-07-traitforge/contracts/Trait/Trait.sol","s":{"1":2,"2":0,"3":0,"4":0},"b":{},"f":{"1":2,"2":0,"3":0},"fnMap":{"1":{"name":"constructor","line":15,"loc":{"start":{"line":10,"column":2},"end":{"line":18,"column":2}}},"2":{"name":"decimals","line":20,"loc":{"start":{"line":20,"column":2},"end":{"line":22,"column":2}}},"3":{"name":"burn","line":24,"loc":{"start":{"line":24,"column":2},"end":{"line":27,"column":2}}}},"statementMap":{"1":{"start":{"line":17,"column":4},"end":{"line":17,"column":34}},"2":{"start":{"line":21,"column":4},"end":{"line":21,"column":20}},"3":{"start":{"line":25,"column":4},"end":{"line":25,"column":28}},"4":{"start":{"line":26,"column":4},"end":{"line":26,"column":15}}},"branchMap":{}},"contracts/TraitForgeNft/ITraitForgeNft.sol":{"l":{},"path":"/workspaces/Trait-Forge-Audit/2024-07-traitforge/contracts/TraitForgeNft/ITraitForgeNft.sol","s":{},"b":{},"f":{},"fnMap":{},"statementMap":{},"branchMap":{}},"contracts/TraitForgeNft/TraitForgeNft.sol":{"l":{"52":18,"53":17,"58":17,"62":8,"69":7,"70":7,"77":7,"79":7,"85":7,"87":7,"91":7,"93":7,"97":0,"101":0,"105":0,"111":0,"115":0,"119":0,"123":7,"127":0,"131":0,"138":2,"142":1,"146":1,"147":1,"148":1,"150":1,"159":1,"163":1,"166":1,"169":1,"173":1,"176":1,"178":1,"190":17,"191":17,"193":17,"195":17,"196":17,"197":17,"198":17,"211":0,"212":0,"213":0,"215":0,"216":0,"217":0,"218":0,"219":0,"221":0,"222":0,"223":0,"228":17,"229":17,"230":17,"231":17,"235":15,"239":15,"243":3,"250":1,"251":1,"257":6,"261":6,"267":3,"271":3,"275":5,"276":5,"277":5,"281":17,"282":0,"285":17,"286":17,"287":17,"288":17,"290":17,"291":17,"292":17,"293":17,"294":17,"296":17,"297":17,"300":17,"308":17,"316":1,"321":1,"322":1,"323":1,"325":1,"326":1,"327":1,"328":1,"329":1,"331":1,"334":0,"337":1,"338":1,"341":1,"342":1,"346":0,"350":0,"351":0,"352":0,"353":0,"354":0,"359":17,"361":17,"362":17,"364":17,"373":21,"375":21,"377":21,"378":21,"381":21,"382":1,"385":1,"390":1,"394":21},"path":"/workspaces/Trait-Forge-Audit/2024-07-traitforge/contracts/TraitForgeNft/TraitForgeNft.sol","s":{"1":18,"2":17,"3":7,"4":7,"5":7,"6":7,"7":0,"8":0,"9":0,"10":2,"11":1,"12":1,"13":1,"14":1,"15":1,"16":1,"17":1,"18":1,"19":1,"20":1,"21":1,"22":1,"23":17,"24":17,"25":17,"26":17,"27":17,"28":17,"29":17,"30":0,"31":0,"32":0,"33":0,"34":0,"35":0,"36":0,"37":0,"38":17,"39":17,"40":17,"41":17,"42":15,"43":15,"44":3,"45":6,"46":6,"47":3,"48":3,"49":5,"50":5,"51":5,"52":17,"53":0,"54":17,"55":17,"56":17,"57":17,"58":17,"59":17,"60":17,"61":1,"62":1,"63":1,"64":1,"65":0,"66":1,"67":1,"68":1,"69":1,"70":0,"71":0,"72":0,"73":17,"74":17,"75":17,"76":17,"77":21,"78":21,"79":21,"80":21,"81":1,"82":1,"83":1,"84":21},"b":{"1":[17,1],"2":[16,1],"3":[7,0],"4":[7,0],"5":[7,0],"6":[7,0],"7":[7,0],"8":[7,0],"9":[7,0],"10":[0,0],"11":[0,0],"12":[0,0],"13":[0,0],"14":[0,0],"15":[0,0],"16":[0,0],"17":[7,0],"18":[0,0],"19":[1,0],"20":[1,0],"21":[1,0],"22":[1,0],"23":[1,0],"24":[1,0],"25":[1,0],"26":[1,0],"27":[18,0],"28":[18,0],"29":[17,1],"30":[17,0],"31":[17,0],"32":[17,0],"33":[0,0],"34":[0,0],"35":[0,0],"36":[0,0],"37":[0,0],"38":[15,0],"39":[6,0],"40":[3,0],"41":[0,17],"42":[17,0],"43":[1,0],"44":[0,1],"45":[1,0],"46":[0,0],"47":[17,0],"48":[17,0],"49":[21,0],"50":[1,20],"51":[1,0],"52":[21,0]},"f":{"1":18,"2":8,"3":7,"4":7,"5":7,"6":7,"7":0,"8":0,"9":0,"10":0,"11":0,"12":7,"13":0,"14":0,"15":2,"16":1,"17":1,"18":17,"19":0,"20":17,"21":15,"22":3,"23":1,"24":6,"25":3,"26":5,"27":17,"28":1,"29":0,"30":17,"31":21},"fnMap":{"1":{"name":"onlyWhitelisted","line":51,"loc":{"start":{"line":51,"column":2},"end":{"line":59,"column":2}}},"2":{"name":"constructor","line":61,"loc":{"start":{"line":61,"column":2},"end":{"line":63,"column":2}}},"3":{"name":"setNukeFundContract","line":68,"loc":{"start":{"line":66,"column":2},"end":{"line":71,"column":2}}},"4":{"name":"setEntityForgingContract","line":76,"loc":{"start":{"line":74,"column":2},"end":{"line":80,"column":2}}},"5":{"name":"setEntropyGenerator","line":84,"loc":{"start":{"line":82,"column":2},"end":{"line":88,"column":2}}},"6":{"name":"setAirdropContract","line":90,"loc":{"start":{"line":90,"column":2},"end":{"line":94,"column":2}}},"7":{"name":"startAirdrop","line":96,"loc":{"start":{"line":96,"column":2},"end":{"line":98,"column":2}}},"8":{"name":"setStartPrice","line":100,"loc":{"start":{"line":100,"column":2},"end":{"line":102,"column":2}}},"9":{"name":"setPriceIncrement","line":104,"loc":{"start":{"line":104,"column":2},"end":{"line":106,"column":2}}},"10":{"name":"setPriceIncrementByGen","line":110,"loc":{"start":{"line":108,"column":2},"end":{"line":112,"column":2}}},"11":{"name":"setMaxGeneration","line":114,"loc":{"start":{"line":114,"column":2},"end":{"line":120,"column":2}}},"12":{"name":"setRootHash","line":122,"loc":{"start":{"line":122,"column":2},"end":{"line":124,"column":2}}},"13":{"name":"setWhitelistEndTime","line":126,"loc":{"start":{"line":126,"column":2},"end":{"line":128,"column":2}}},"14":{"name":"getGeneration","line":130,"loc":{"start":{"line":130,"column":2},"end":{"line":132,"column":2}}},"15":{"name":"isApprovedOrOwner","line":134,"loc":{"start":{"line":134,"column":2},"end":{"line":139,"column":2}}},"16":{"name":"burn","line":141,"loc":{"start":{"line":141,"column":2},"end":{"line":151,"column":2}}},"17":{"name":"forge","line":158,"loc":{"start":{"line":153,"column":2},"end":{"line":179,"column":2}}},"18":{"name":"mintToken","line":188,"loc":{"start":{"line":181,"column":2},"end":{"line":200,"column":2}}},"19":{"name":"mintWithBudget","line":209,"loc":{"start":{"line":202,"column":2},"end":{"line":225,"column":2}}},"20":{"name":"calculateMintPrice","line":227,"loc":{"start":{"line":227,"column":2},"end":{"line":232,"column":2}}},"21":{"name":"getTokenEntropy","line":234,"loc":{"start":{"line":234,"column":2},"end":{"line":240,"column":2}}},"22":{"name":"getTokenGeneration","line":242,"loc":{"start":{"line":242,"column":2},"end":{"line":244,"column":2}}},"23":{"name":"getEntropiesForTokens","line":246,"loc":{"start":{"line":246,"column":2},"end":{"line":252,"column":2}}},"24":{"name":"getTokenLastTransferredTimestamp","line":254,"loc":{"start":{"line":254,"column":2},"end":{"line":262,"column":2}}},"25":{"name":"getTokenCreationTimestamp","line":264,"loc":{"start":{"line":264,"column":2},"end":{"line":272,"column":2}}},"26":{"name":"isForger","line":274,"loc":{"start":{"line":274,"column":2},"end":{"line":278,"column":2}}},"27":{"name":"_mintInternal","line":280,"loc":{"start":{"line":280,"column":2},"end":{"line":309,"column":2}}},"28":{"name":"_mintNewEntity","line":311,"loc":{"start":{"line":311,"column":2},"end":{"line":343,"column":2}}},"29":{"name":"_incrementGeneration","line":345,"loc":{"start":{"line":345,"column":2},"end":{"line":355,"column":2}}},"30":{"name":"_distributeFunds","line":358,"loc":{"start":{"line":358,"column":2},"end":{"line":365,"column":2}}},"31":{"name":"_beforeTokenTransfer","line":367,"loc":{"start":{"line":367,"column":2},"end":{"line":395,"column":2}}}},"statementMap":{"1":{"start":{"line":52,"column":4},"end":{"line":52,"column":1825}},"2":{"start":{"line":53,"column":6},"end":{"line":53,"column":1876}},"3":{"start":{"line":70,"column":4},"end":{"line":70,"column":50}},"4":{"start":{"line":77,"column":4},"end":{"line":77,"column":66}},"5":{"start":{"line":85,"column":4},"end":{"line":85,"column":69}},"6":{"start":{"line":91,"column":4},"end":{"line":91,"column":53}},"7":{"start":{"line":97,"column":4},"end":{"line":97,"column":39}},"8":{"start":{"line":115,"column":4},"end":{"line":115,"column":3712}},"9":{"start":{"line":131,"column":4},"end":{"line":131,"column":28}},"10":{"start":{"line":138,"column":4},"end":{"line":138,"column":47}},"11":{"start":{"line":142,"column":4},"end":{"line":142,"column":4385}},"12":{"start":{"line":146,"column":4},"end":{"line":146,"column":4505}},"13":{"start":{"line":147,"column":6},"end":{"line":147,"column":48}},"14":{"start":{"line":148,"column":6},"end":{"line":148,"column":67}},"15":{"start":{"line":150,"column":4},"end":{"line":150,"column":17}},"16":{"start":{"line":159,"column":4},"end":{"line":159,"column":4865}},"17":{"start":{"line":163,"column":4},"end":{"line":163,"column":61}},"18":{"start":{"line":166,"column":4},"end":{"line":166,"column":74}},"19":{"start":{"line":169,"column":4},"end":{"line":169,"column":5205}},"20":{"start":{"line":173,"column":4},"end":{"line":173,"column":60}},"21":{"start":{"line":176,"column":4},"end":{"line":176,"column":76}},"22":{"start":{"line":178,"column":4},"end":{"line":178,"column":21}},"23":{"start":{"line":190,"column":4},"end":{"line":190,"column":44}},"24":{"start":{"line":191,"column":4},"end":{"line":191,"column":72}},"25":{"start":{"line":193,"column":4},"end":{"line":193,"column":39}},"26":{"start":{"line":195,"column":4},"end":{"line":195,"column":49}},"27":{"start":{"line":196,"column":4},"end":{"line":196,"column":5918}},"28":{"start":{"line":197,"column":6},"end":{"line":197,"column":74}},"29":{"start":{"line":198,"column":6},"end":{"line":198,"column":63}},"30":{"start":{"line":211,"column":4},"end":{"line":211,"column":44}},"31":{"start":{"line":212,"column":4},"end":{"line":212,"column":28}},"32":{"start":{"line":213,"column":4},"end":{"line":213,"column":34}},"33":{"start":{"line":215,"column":4},"end":{"line":215,"column":6403}},"34":{"start":{"line":216,"column":6},"end":{"line":216,"column":41}},"35":{"start":{"line":221,"column":4},"end":{"line":221,"column":6615}},"36":{"start":{"line":222,"column":6},"end":{"line":222,"column":71}},"37":{"start":{"line":223,"column":6},"end":{"line":223,"column":45}},"38":{"start":{"line":228,"column":4},"end":{"line":228,"column":73}},"39":{"start":{"line":229,"column":4},"end":{"line":229,"column":64}},"40":{"start":{"line":230,"column":4},"end":{"line":230,"column":46}},"41":{"start":{"line":231,"column":4},"end":{"line":231,"column":16}},"42":{"start":{"line":235,"column":4},"end":{"line":235,"column":7125}},"43":{"start":{"line":239,"column":4},"end":{"line":239,"column":32}},"44":{"start":{"line":243,"column":4},"end":{"line":243,"column":36}},"45":{"start":{"line":257,"column":4},"end":{"line":257,"column":7758}},"46":{"start":{"line":261,"column":4},"end":{"line":261,"column":49}},"47":{"start":{"line":267,"column":4},"end":{"line":267,"column":8010}},"48":{"start":{"line":271,"column":4},"end":{"line":271,"column":43}},"49":{"start":{"line":275,"column":4},"end":{"line":275,"column":43}},"50":{"start":{"line":276,"column":4},"end":{"line":276,"column":39}},"51":{"start":{"line":277,"column":4},"end":{"line":277,"column":29}},"52":{"start":{"line":281,"column":4},"end":{"line":281,"column":8417}},"53":{"start":{"line":282,"column":6},"end":{"line":282,"column":27}},"54":{"start":{"line":286,"column":4},"end":{"line":286,"column":33}},"55":{"start":{"line":287,"column":4},"end":{"line":287,"column":23}},"56":{"start":{"line":288,"column":4},"end":{"line":288,"column":60}},"57":{"start":{"line":296,"column":4},"end":{"line":296,"column":8903}},"58":{"start":{"line":297,"column":6},"end":{"line":297,"column":52}},"59":{"start":{"line":300,"column":4},"end":{"line":300,"column":9011}},"60":{"start":{"line":308,"column":4},"end":{"line":308,"column":30}},"61":{"start":{"line":316,"column":4},"end":{"line":316,"column":9287}},"62":{"start":{"line":322,"column":4},"end":{"line":322,"column":34}},"63":{"start":{"line":323,"column":4},"end":{"line":323,"column":30}},"64":{"start":{"line":331,"column":4},"end":{"line":331,"column":9693}},"65":{"start":{"line":334,"column":6},"end":{"line":334,"column":27}},"66":{"start":{"line":337,"column":4},"end":{"line":337,"column":9826}},"67":{"start":{"line":338,"column":6},"end":{"line":338,"column":53}},"68":{"start":{"line":341,"column":4},"end":{"line":341,"column":60}},"69":{"start":{"line":342,"column":4},"end":{"line":342,"column":21}},"70":{"start":{"line":346,"column":4},"end":{"line":346,"column":10068}},"71":{"start":{"line":353,"column":4},"end":{"line":353,"column":44}},"72":{"start":{"line":354,"column":4},"end":{"line":354,"column":49}},"73":{"start":{"line":359,"column":4},"end":{"line":359,"column":72}},"74":{"start":{"line":361,"column":4},"end":{"line":361,"column":69}},"75":{"start":{"line":362,"column":4},"end":{"line":362,"column":38}},"76":{"start":{"line":364,"column":4},"end":{"line":364,"column":65}},"77":{"start":{"line":373,"column":4},"end":{"line":373,"column":64}},"78":{"start":{"line":375,"column":4},"end":{"line":375,"column":73}},"79":{"start":{"line":377,"column":4},"end":{"line":377,"column":11217}},"80":{"start":{"line":381,"column":4},"end":{"line":381,"column":11315}},"81":{"start":{"line":382,"column":6},"end":{"line":382,"column":11344}},"82":{"start":{"line":385,"column":6},"end":{"line":385,"column":11450}},"83":{"start":{"line":390,"column":8},"end":{"line":390,"column":66}},"84":{"start":{"line":394,"column":4},"end":{"line":394,"column":68}}},"branchMap":{"1":{"line":52,"type":"if","locations":[{"start":{"line":52,"column":4},"end":{"line":52,"column":4}},{"start":{"line":52,"column":4},"end":{"line":52,"column":4}}]},"2":{"line":53,"type":"if","locations":[{"start":{"line":53,"column":6},"end":{"line":53,"column":6}},{"start":{"line":53,"column":6},"end":{"line":53,"column":6}}]},"3":{"line":68,"type":"if","locations":[{"start":{"line":68,"column":13},"end":{"line":68,"column":13}},{"start":{"line":68,"column":13},"end":{"line":68,"column":13}}]},"4":{"line":76,"type":"if","locations":[{"start":{"line":76,"column":13},"end":{"line":76,"column":13}},{"start":{"line":76,"column":13},"end":{"line":76,"column":13}}]},"5":{"line":77,"type":"if","locations":[{"start":{"line":77,"column":4},"end":{"line":77,"column":4}},{"start":{"line":77,"column":4},"end":{"line":77,"column":4}}]},"6":{"line":84,"type":"if","locations":[{"start":{"line":84,"column":13},"end":{"line":84,"column":13}},{"start":{"line":84,"column":13},"end":{"line":84,"column":13}}]},"7":{"line":85,"type":"if","locations":[{"start":{"line":85,"column":4},"end":{"line":85,"column":4}},{"start":{"line":85,"column":4},"end":{"line":85,"column":4}}]},"8":{"line":90,"type":"if","locations":[{"start":{"line":90,"column":57},"end":{"line":90,"column":57}},{"start":{"line":90,"column":57},"end":{"line":90,"column":57}}]},"9":{"line":91,"type":"if","locations":[{"start":{"line":91,"column":4},"end":{"line":91,"column":4}},{"start":{"line":91,"column":4},"end":{"line":91,"column":4}}]},"10":{"line":96,"type":"if","locations":[{"start":{"line":96,"column":49},"end":{"line":96,"column":49}},{"start":{"line":96,"column":49},"end":{"line":96,"column":49}}]},"11":{"line":96,"type":"if","locations":[{"start":{"line":96,"column":63},"end":{"line":96,"column":63}},{"start":{"line":96,"column":63},"end":{"line":96,"column":63}}]},"12":{"line":100,"type":"if","locations":[{"start":{"line":100,"column":55},"end":{"line":100,"column":55}},{"start":{"line":100,"column":55},"end":{"line":100,"column":55}}]},"13":{"line":104,"type":"if","locations":[{"start":{"line":104,"column":63},"end":{"line":104,"column":63}},{"start":{"line":104,"column":63},"end":{"line":104,"column":63}}]},"14":{"line":110,"type":"if","locations":[{"start":{"line":110,"column":13},"end":{"line":110,"column":13}},{"start":{"line":110,"column":13},"end":{"line":110,"column":13}}]},"15":{"line":114,"type":"if","locations":[{"start":{"line":114,"column":58},"end":{"line":114,"column":58}},{"start":{"line":114,"column":58},"end":{"line":114,"column":58}}]},"16":{"line":115,"type":"if","locations":[{"start":{"line":115,"column":4},"end":{"line":115,"column":4}},{"start":{"line":115,"column":4},"end":{"line":115,"column":4}}]},"17":{"line":122,"type":"if","locations":[{"start":{"line":122,"column":51},"end":{"line":122,"column":51}},{"start":{"line":122,"column":51},"end":{"line":122,"column":51}}]},"18":{"line":126,"type":"if","locations":[{"start":{"line":126,"column":58},"end":{"line":126,"column":58}},{"start":{"line":126,"column":58},"end":{"line":126,"column":58}}]},"19":{"line":141,"type":"if","locations":[{"start":{"line":141,"column":42},"end":{"line":141,"column":42}},{"start":{"line":141,"column":42},"end":{"line":141,"column":42}}]},"20":{"line":141,"type":"if","locations":[{"start":{"line":141,"column":56},"end":{"line":141,"column":56}},{"start":{"line":141,"column":56},"end":{"line":141,"column":56}}]},"21":{"line":142,"type":"if","locations":[{"start":{"line":142,"column":4},"end":{"line":142,"column":4}},{"start":{"line":142,"column":4},"end":{"line":142,"column":4}}]},"22":{"line":146,"type":"if","locations":[{"start":{"line":146,"column":4},"end":{"line":146,"column":4}},{"start":{"line":146,"column":4},"end":{"line":146,"column":4}}]},"23":{"line":158,"type":"if","locations":[{"start":{"line":158,"column":13},"end":{"line":158,"column":13}},{"start":{"line":158,"column":13},"end":{"line":158,"column":13}}]},"24":{"line":158,"type":"if","locations":[{"start":{"line":158,"column":27},"end":{"line":158,"column":27}},{"start":{"line":158,"column":27},"end":{"line":158,"column":27}}]},"25":{"line":159,"type":"if","locations":[{"start":{"line":159,"column":4},"end":{"line":159,"column":4}},{"start":{"line":159,"column":4},"end":{"line":159,"column":4}}]},"26":{"line":166,"type":"if","locations":[{"start":{"line":166,"column":4},"end":{"line":166,"column":4}},{"start":{"line":166,"column":4},"end":{"line":166,"column":4}}]},"27":{"line":186,"type":"if","locations":[{"start":{"line":186,"column":4},"end":{"line":186,"column":4}},{"start":{"line":186,"column":4},"end":{"line":186,"column":4}}]},"28":{"line":187,"type":"if","locations":[{"start":{"line":187,"column":4},"end":{"line":187,"column":4}},{"start":{"line":187,"column":4},"end":{"line":187,"column":4}}]},"29":{"line":188,"type":"if","locations":[{"start":{"line":188,"column":4},"end":{"line":188,"column":4}},{"start":{"line":188,"column":4},"end":{"line":188,"column":4}}]},"30":{"line":191,"type":"if","locations":[{"start":{"line":191,"column":4},"end":{"line":191,"column":4}},{"start":{"line":191,"column":4},"end":{"line":191,"column":4}}]},"31":{"line":196,"type":"if","locations":[{"start":{"line":196,"column":4},"end":{"line":196,"column":4}},{"start":{"line":196,"column":4},"end":{"line":196,"column":4}}]},"32":{"line":198,"type":"if","locations":[{"start":{"line":198,"column":6},"end":{"line":198,"column":6}},{"start":{"line":198,"column":6},"end":{"line":198,"column":6}}]},"33":{"line":207,"type":"if","locations":[{"start":{"line":207,"column":4},"end":{"line":207,"column":4}},{"start":{"line":207,"column":4},"end":{"line":207,"column":4}}]},"34":{"line":208,"type":"if","locations":[{"start":{"line":208,"column":4},"end":{"line":208,"column":4}},{"start":{"line":208,"column":4},"end":{"line":208,"column":4}}]},"35":{"line":209,"type":"if","locations":[{"start":{"line":209,"column":4},"end":{"line":209,"column":4}},{"start":{"line":209,"column":4},"end":{"line":209,"column":4}}]},"36":{"line":221,"type":"if","locations":[{"start":{"line":221,"column":4},"end":{"line":221,"column":4}},{"start":{"line":221,"column":4},"end":{"line":221,"column":4}}]},"37":{"line":223,"type":"if","locations":[{"start":{"line":223,"column":6},"end":{"line":223,"column":6}},{"start":{"line":223,"column":6},"end":{"line":223,"column":6}}]},"38":{"line":235,"type":"if","locations":[{"start":{"line":235,"column":4},"end":{"line":235,"column":4}},{"start":{"line":235,"column":4},"end":{"line":235,"column":4}}]},"39":{"line":257,"type":"if","locations":[{"start":{"line":257,"column":4},"end":{"line":257,"column":4}},{"start":{"line":257,"column":4},"end":{"line":257,"column":4}}]},"40":{"line":267,"type":"if","locations":[{"start":{"line":267,"column":4},"end":{"line":267,"column":4}},{"start":{"line":267,"column":4},"end":{"line":267,"column":4}}]},"41":{"line":281,"type":"if","locations":[{"start":{"line":281,"column":4},"end":{"line":281,"column":4}},{"start":{"line":281,"column":4},"end":{"line":281,"column":4}}]},"42":{"line":296,"type":"if","locations":[{"start":{"line":296,"column":4},"end":{"line":296,"column":4}},{"start":{"line":296,"column":4},"end":{"line":296,"column":4}}]},"43":{"line":316,"type":"if","locations":[{"start":{"line":316,"column":4},"end":{"line":316,"column":4}},{"start":{"line":316,"column":4},"end":{"line":316,"column":4}}]},"44":{"line":331,"type":"if","locations":[{"start":{"line":331,"column":4},"end":{"line":331,"column":4}},{"start":{"line":331,"column":4},"end":{"line":331,"column":4}}]},"45":{"line":337,"type":"if","locations":[{"start":{"line":337,"column":4},"end":{"line":337,"column":4}},{"start":{"line":337,"column":4},"end":{"line":337,"column":4}}]},"46":{"line":346,"type":"if","locations":[{"start":{"line":346,"column":4},"end":{"line":346,"column":4}},{"start":{"line":346,"column":4},"end":{"line":346,"column":4}}]},"47":{"line":359,"type":"if","locations":[{"start":{"line":359,"column":4},"end":{"line":359,"column":4}},{"start":{"line":359,"column":4},"end":{"line":359,"column":4}}]},"48":{"line":362,"type":"if","locations":[{"start":{"line":362,"column":4},"end":{"line":362,"column":4}},{"start":{"line":362,"column":4},"end":{"line":362,"column":4}}]},"49":{"line":377,"type":"if","locations":[{"start":{"line":377,"column":4},"end":{"line":377,"column":4}},{"start":{"line":377,"column":4},"end":{"line":377,"column":4}}]},"50":{"line":381,"type":"if","locations":[{"start":{"line":381,"column":4},"end":{"line":381,"column":4}},{"start":{"line":381,"column":4},"end":{"line":381,"column":4}}]},"51":{"line":385,"type":"if","locations":[{"start":{"line":385,"column":6},"end":{"line":385,"column":6}},{"start":{"line":385,"column":6},"end":{"line":385,"column":6}}]},"52":{"line":394,"type":"if","locations":[{"start":{"line":394,"column":4},"end":{"line":394,"column":4}},{"start":{"line":394,"column":4},"end":{"line":394,"column":4}}]}}}}